    1  startx
    2  su
    3  exit
    4  su
    5  ip a
    6  exit
    7  ls
    8  cd Documents/
    9  ls
   10  cd ..
   11  ls
   12  cd /
   13  ls
   14  cd
   15  ls
   16  cd
   17  ls
   18  cd ..
   19  ls
   20  cd ..
   21  lslsd;fls
   22  lsf
   23  fire
   24  firefox
   25  exit
   26  su
   27  exit
   28  ls
   29  su
   30  exit
   31  sudo 
   32  sudo -h
   33  sudo -i
   34  exit
   35  su
   36  ls
   37  rm iverilog/
   38  rm -rf iverilog/
   39  su
   40  cdclear
   41  clear
   42  cd Downloads/
   43  ls
   44  su
   45  okular fizzim_tutorial_20160423.pdf 
   46  ls
   47  su
   48  exit
   49  exit
   50  su
   51  exit
   52  su
   53  exit
   54  startx
   55  su
   56  exit
   57  ip a
   58  startx
   59  sl
   60  exit
   61  cd ..
   62  ls
   63  nano HalfAdder.v
   64  su
   65  exit
   66  ./a
   67  ./a.out 
   68  gtkwave test.vcd 
   69  nano /etc/apt/sources.list
   70  ls
   71  cd Verilog\ reference/
   72  ls
   73  okular Verilog_Quickstart_3rd_edition.pdf 
   74  ls
   75  cd verilog/
   76  ls
   77  libreoffice verilog_tutorial1.pptx 
   78  exit
   79  cd Documents/project/
   80  ls
   81  iverilog counter_tb.v counter.v 
   82  ./a.out 
   83  nano counter_tb.v 
   84  ls
   85  gtkwave test.vcd 
   86  exit
   87  su
   88  exit
   89  xdg-open "https://www.google.co.in"
   90  links
   91  link
   92  link "https://www.google.co.in"
   93  link --help
   94  link --version
   95  xdg-open https://www.google.co.in
   96  xdg-open google.co.in
   97  xdg-open https://www.google.co.in
   98  xdg-open 'https://www.google.co.in'
   99  apt install www-browser
  100  su
  101  exit
  102  ls
  103  cd Documents/
  104  ls
  105  okular ticket.pdf 
  106  firewall-cmd 
  107  xdg-open google.co.in
  108  tasksel
  109  exit
  110  startx
  111  su
  112  exit
  113  su
  114  ip addr
  115  ping google.com
  116  ip addr
  117  ping google.com
  118  startx
  119  su
  120  ls
  121  cd ..
  122  ls
  123  su
  124  sudo 
  125  sudo su
  126  steam
  127  init 4
  128  init 6
  129  su
  130  sudo su
  131  su
  132  steam
  133  ip addr
  134  ping google.com
  135  ping eff.org
  136  fire
  137  firefox
  138  exit
  139  su
  140  exit
  141  ip addr
  142  ip adder
  143  ip addr
  144  iperf --help
  145  ip add[Ar
  146  ip a
  147  ip addr
  148  ip a a a a a a a
  149  ip a
  150  ip -a
  151  ip --help
  152  ip a
  153  ip aexit
  154  exit
  155  su
  156  exit
  157  uname
  158  uname -a
  159  ls
  160  cd Documents
  161  touch ajit
  162  gedit ajit
  163  clear
  164  cd Desktop
  165  mkdir HarishProject
  166  cd HarishProject
  167  touch Harish
  168  cat This is File
  169  cat
  170  ls
  171  cd Desktop
  172  mkdir Project
  173  touch Project
  174  ls
  175  gitinit
  176  git in it
  177  init
  178  git init
  179  mkdir Project1
  180  cd Project1
  181  touch File
  182  git add .
  183  git status
  184  git commit -m
  185  git commit-m"Created Harish"
  186  git commit -m"Create Harish"
  187  git log
  188  git status
  189  git log
  190  cd ..
  191  mkdir hr
  192  cd hr
  193  git commit -m "created 1"
  194  git config --global user.email "kavuluriharish@gmail.com"
  195  git config --global user.name "harish"
  196  git log
  197  git init
  198  cd Desktop
  199  mkdir harish
  200  cd harish
  201  git init
  202  git commit -m "happy"
  203  git config --global user.email "kavuluriharish@gmail.com"
  204  git config --global user.name "harish"
  205  git log
  206  git commit -m "happy
  207  su
  208  exit
  209  startx
  210  su
  211  exit
  212  su
  213  ssh mypguser@kluglug.in
  214  su
  215  ssh mypguser@kluglug.in
  216  ssh sripathroy@kluglug.in
  217  exit
  218  startx
  219  su
  220  ls
  221  cd Documents/project/
  222  ls
  223  cd Opencores/
  224  ls
  225  git log
  226  cp /home/admin/Documents/project/iverilog_installation .
  227  cd ..
  228  ls -l
  229  ls
  230  touch iverilog_installation.txt
  231  exit
  232  cd Documents/project/
  233  ls
  234  touch iverilog_installation.txt
  235  cd ..
  236  ls
  237  ls -a
  238  la -l
  239  ls -l
  240  chmod -R 777 project/
  241  su
  242  ls
  243  cd project/
  244  ls
  245  touch iverilog_installation.txt
  246  cat iverilog_installation >> iverilog_installation.txt 
  247  cat iverilog_installation.txt 
  248  cp iverilog_installation.txt Opencores/
  249  ls
  250  cd Opencores/
  251  ls
  252  cp iverilog_installation.txt documentation/
  253  rm iverilog_installation.txt 
  254  ls
  255  git add *
  256  ls
  257  git status
  258  nano README.md 
  259  git commit -m "added installation guide for verilog compiler"
  260  push
  261  git push 
  262  git user
  263  git --help
  264  git config user.name 
  265  git config user.name "NikhilPrabhat"
  266  git config user.email 
  267  git config user.email nikhilbhattiprolu@gmail.com
  268  ls
  269  git config user.email 
  270  git tag
  271  cd documentation/
  272  ls
  273  nano iverilog_installation.txt 
  274  cd ..
  275  git add *
  276  ls
  277  git status 
  278  git commit -m "added installation guide for verilog compiler"
  279  git pusg
  280  git push
  281  git --help
  282  git help -g
  283  git tutorial
  284  git fork
  285  ls
  286  ls -a
  287  cd .git/
  288  ls
  289  cd ..
  290  ls
  291  exit
  292  su
  293  exit
  294  history > log.txt
  295  ls
  296  kate log.txt 
  297  history >> log.txt
  298  kate log.txt 
  299  exit
  300  startx
  301  su
  302  exit
  303  su
  304  ping eff.ortg
  305  ping google.co.in
  306  ping eff.org
  307  exit
  308  su
  309  exit
  310  su
  311  sl
  312  su
  313  find
  314  find | find | find |find
  315  while(1):
  316  while(1)find end
  317  if(True):find fi
  318  exit
  319  ls
  320  cd Documents/project/
  321  ls
  322  cat history > history.log
  323  cat history > nano history.log
  324  cat history > touchhistory.log
  325  history > history.log
